# JRE version: OpenJDK Runtime Environment (8.0_152-b02) (build 1.8.0_152-release-1024-b02)
# Java VM: OpenJDK 64-Bit Server VM (25.152-b02 mixed mode windows-amd64 compressed oops)
Heap:
 PSYoungGen      total 375296K, used 31908K [0x00000000e0000000, 0x00000000f8400000, 0x0000000100000000)
  eden space 353280K, 7% used [0x00000000e0000000,0x00000000e194dc70,0x00000000f5900000)
  from space 22016K, 27% used [0x00000000f5900000,0x00000000f5edb4c8,0x00000000f6e80000)
  to   space 22016K, 0% used [0x00000000f6e80000,0x00000000f6e80000,0x00000000f8400000)
 ParOldGen       total 126976K, used 49459K [0x00000000a0000000, 0x00000000a7c00000, 0x00000000e0000000)
  object space 126976K, 38% used [0x00000000a0000000,0x00000000a304ce50,0x00000000a7c00000)
 Metaspace       used 74195K, capacity 77458K, committed 77656K, reserved 1116160K
  class space    used 9520K, capacity 10322K, committed 10368K, reserved 1048576K
GC Heap History (10 events):
Event: 18.382 GC heap before
{Heap before GC invocations=14 (full 3):
 PSYoungGen      total 217088K, used 7025K [0x00000000e0000000, 0x00000000f3b80000, 0x0000000100000000)
  eden space 196608K, 0% used [0x00000000e0000000,0x00000000e0000000,0x00000000ec000000)
  from space 20480K, 34% used [0x00000000ec000000,0x00000000ec6dc758,0x00000000ed400000)
  to   space 19968K, 0% used [0x00000000f2800000,0x00000000f2800000,0x00000000f3b80000)
 ParOldGen       total 93184K, used 38435K [0x00000000a0000000, 0x00000000a5b00000, 0x00000000e0000000)
  object space 93184K, 41% used [0x00000000a0000000,0x00000000a2588f20,0x00000000a5b00000)
 Metaspace       used 57052K, capacity 58960K, committed 59028K, reserved 1099776K
  class space    used 7717K, capacity 8177K, committed 8192K, reserved 1048576K
Event: 18.741 GC heap after
Heap after GC invocations=14 (full 3):
 PSYoungGen      total 217088K, used 0K [0x00000000e0000000, 0x00000000f3b80000, 0x0000000100000000)
  eden space 196608K, 0% used [0x00000000e0000000,0x00000000e0000000,0x00000000ec000000)
  from space 20480K, 0% used [0x00000000ec000000,0x00000000ec000000,0x00000000ed400000)
  to   space 19968K, 0% used [0x00000000f2800000,0x00000000f2800000,0x00000000f3b80000)
 ParOldGen       total 126976K, used 31867K [0x00000000a0000000, 0x00000000a7c00000, 0x00000000e0000000)
  object space 126976K, 25% used [0x00000000a0000000,0x00000000a1f1ee40,0x00000000a7c00000)
 Metaspace       used 57029K, capacity 58872K, committed 59028K, reserved 1099776K
  class space    used 7710K, capacity 8169K, committed 8192K, reserved 1048576K
}
Event: 44.919 GC heap before
{Heap before GC invocations=15 (full 3):
 PSYoungGen      total 217088K, used 196608K [0x00000000e0000000, 0x00000000f3b80000, 0x0000000100000000)
  eden space 196608K, 100% used [0x00000000e0000000,0x00000000ec000000,0x00000000ec000000)
  from space 20480K, 0% used [0x00000000ec000000,0x00000000ec000000,0x00000000ed400000)
  to   space 19968K, 0% used [0x00000000f2800000,0x00000000f2800000,0x00000000f3b80000)
 ParOldGen       total 126976K, used 31867K [0x00000000a0000000, 0x00000000a7c00000, 0x00000000e0000000)
  object space 126976K, 25% used [0x00000000a0000000,0x00000000a1f1ee40,0x00000000a7c00000)
 Metaspace       used 62535K, capacity 64854K, committed 64984K, reserved 1105920K
  class space    used 8293K, capacity 8906K, committed 8960K, reserved 1048576K
Event: 44.978 GC heap after
Heap after GC invocations=15 (full 3):
 PSYoungGen      total 286720K, used 18744K [0x00000000e0000000, 0x00000000f3a80000, 0x0000000100000000)
  eden space 267776K, 0% used [0x00000000e0000000,0x00000000e0000000,0x00000000f0580000)
  from space 18944K, 98% used [0x00000000f2800000,0x00000000f3a4e0b0,0x00000000f3a80000)
  to   space 22528K, 0% used [0x00000000f0e80000,0x00000000f0e80000,0x00000000f2480000)
 ParOldGen       total 126976K, used 31875K [0x00000000a0000000, 0x00000000a7c00000, 0x00000000e0000000)
  object space 126976K, 25% used [0x00000000a0000000,0x00000000a1f20e40,0x00000000a7c00000)
 Metaspace       used 62535K, capacity 64854K, committed 64984K, reserved 1105920K
  class space    used 8293K, capacity 8906K, committed 8960K, reserved 1048576K
}
Event: 590.144 GC heap before
{Heap before GC invocations=16 (full 3):
 PSYoungGen      total 286720K, used 286520K [0x00000000e0000000, 0x00000000f3a80000, 0x0000000100000000)
  eden space 267776K, 100% used [0x00000000e0000000,0x00000000f0580000,0x00000000f0580000)
  from space 18944K, 98% used [0x00000000f2800000,0x00000000f3a4e0b0,0x00000000f3a80000)
  to   space 22528K, 0% used [0x00000000f0e80000,0x00000000f0e80000,0x00000000f2480000)
 ParOldGen       total 126976K, used 31875K [0x00000000a0000000, 0x00000000a7c00000, 0x00000000e0000000)
  object space 126976K, 25% used [0x00000000a0000000,0x00000000a1f20e40,0x00000000a7c00000)
 Metaspace       used 69224K, capacity 71862K, committed 72152K, reserved 1112064K
  class space    used 9001K, capacity 9650K, committed 9728K, reserved 1048576K
Event: 590.193 GC heap after
Heap after GC invocations=16 (full 3):
 PSYoungGen      total 299520K, used 6422K [0x00000000e0000000, 0x00000000f8400000, 0x0000000100000000)
  eden space 276992K, 0% used [0x00000000e0000000,0x00000000e0000000,0x00000000f0e80000)
  from space 22528K, 28% used [0x00000000f0e80000,0x00000000f14c5aa8,0x00000000f2480000)
  to   space 22016K, 0% used [0x00000000f6e80000,0x00000000f6e80000,0x00000000f8400000)
 ParOldGen       total 126976K, used 46856K [0x00000000a0000000, 0x00000000a7c00000, 0x00000000e0000000)
  object space 126976K, 36% used [0x00000000a0000000,0x00000000a2dc2030,0x00000000a7c00000)
 Metaspace       used 69224K, capacity 71862K, committed 72152K, reserved 1112064K
  class space    used 9001K, capacity 9650K, committed 9728K, reserved 1048576K
}
Event: 4173.899 GC heap before
{Heap before GC invocations=17 (full 3):
 PSYoungGen      total 299520K, used 283414K [0x00000000e0000000, 0x00000000f8400000, 0x0000000100000000)
  eden space 276992K, 100% used [0x00000000e0000000,0x00000000f0e80000,0x00000000f0e80000)
  from space 22528K, 28% used [0x00000000f0e80000,0x00000000f14c5aa8,0x00000000f2480000)
  to   space 22016K, 0% used [0x00000000f6e80000,0x00000000f6e80000,0x00000000f8400000)
 ParOldGen       total 126976K, used 46856K [0x00000000a0000000, 0x00000000a7c00000, 0x00000000e0000000)
  object space 126976K, 36% used [0x00000000a0000000,0x00000000a2dc2030,0x00000000a7c00000)
 Metaspace       used 73253K, capacity 76124K, committed 76504K, reserved 1116160K
  class space    used 9437K, capacity 10151K, committed 10240K, reserved 1048576K
Event: 4173.927 GC heap after
Heap after GC invocations=17 (full 3):
 PSYoungGen      total 375296K, used 13330K [0x00000000e0000000, 0x00000000f8400000, 0x0000000100000000)
  eden space 353280K, 0% used [0x00000000e0000000,0x00000000e0000000,0x00000000f5900000)
  from space 22016K, 60% used [0x00000000f6e80000,0x00000000f7b84ac8,0x00000000f8400000)
  to   space 22016K, 0% used [0x00000000f5900000,0x00000000f5900000,0x00000000f6e80000)
 ParOldGen       total 126976K, used 49432K [0x00000000a0000000, 0x00000000a7c00000, 0x00000000e0000000)
  object space 126976K, 38% used [0x00000000a0000000,0x00000000a3046200,0x00000000a7c00000)
 Metaspace       used 73253K, capacity 76124K, committed 76504K, reserved 1116160K
  class space    used 9437K, capacity 10151K, committed 10240K, reserved 1048576K
}
Event: 4857.378 GC heap before
{Heap before GC invocations=18 (full 3):
 PSYoungGen      total 375296K, used 366610K [0x00000000e0000000, 0x00000000f8400000, 0x0000000100000000)
  eden space 353280K, 100% used [0x00000000e0000000,0x00000000f5900000,0x00000000f5900000)
  from space 22016K, 60% used [0x00000000f6e80000,0x00000000f7b84ac8,0x00000000f8400000)
  to   space 22016K, 0% used [0x00000000f5900000,0x00000000f5900000,0x00000000f6e80000)
 ParOldGen       total 126976K, used 49432K [0x00000000a0000000, 0x00000000a7c00000, 0x00000000e0000000)
  object space 126976K, 38% used [0x00000000a0000000,0x00000000a3046200,0x00000000a7c00000)
 Metaspace       used 74193K, capacity 77458K, committed 77656K, reserved 1116160K
  class space    used 9520K, capacity 10322K, committed 10368K, reserved 1048576K
Event: 4857.403 GC heap after
Heap after GC invocations=18 (full 3):
 PSYoungGen      total 375296K, used 5997K [0x00000000e0000000, 0x00000000f8400000, 0x0000000100000000)
  eden space 353280K, 0% used [0x00000000e0000000,0x00000000e0000000,0x00000000f5900000)
  from space 22016K, 27% used [0x00000000f5900000,0x00000000f5edb4c8,0x00000000f6e80000)
  to   space 22016K, 0% used [0x00000000f6e80000,0x00000000f6e80000,0x00000000f8400000)
 ParOldGen       total 126976K, used 49459K [0x00000000a0000000, 0x00000000a7c00000, 0x00000000e0000000)
  object space 126976K, 38% used [0x00000000a0000000,0x00000000a304ce50,0x00000000a7c00000)
 Metaspace       used 74193K, capacity 77458K, committed 77656K, reserved 1116160K
  class space    used 9520K, capacity 10322K, committed 10368K, reserved 1048576K
}

