# JRE version: OpenJDK Runtime Environment (8.0_152-b02) (build 1.8.0_152-release-1024-b02)
# Java VM: OpenJDK 64-Bit Server VM (25.152-b02 mixed mode windows-amd64 compressed oops)
Heap:
 PSYoungGen      total 251392K, used 182820K [0x00000000e0000000, 0x00000000f1400000, 0x0000000100000000)
  eden space 233472K, 70% used [0x00000000e0000000,0x00000000ea10d720,0x00000000ee400000)
  from space 17920K, 99% used [0x00000000f0280000,0x00000000f13fba50,0x00000000f1400000)
  to   space 24576K, 0% used [0x00000000ee400000,0x00000000ee400000,0x00000000efc00000)
 ParOldGen       total 93184K, used 50777K [0x00000000a0000000, 0x00000000a5b00000, 0x00000000e0000000)
  object space 93184K, 54% used [0x00000000a0000000,0x00000000a31964c8,0x00000000a5b00000)
 Metaspace       used 74731K, capacity 77446K, committed 77656K, reserved 1116160K
  class space    used 9708K, capacity 10314K, committed 10368K, reserved 1048576K
GC Heap History (10 events):
Event: 48.473 GC heap before
{Heap before GC invocations=13 (full 2):
 PSYoungGen      total 208384K, used 135617K [0x00000000e0000000, 0x00000000ee200000, 0x0000000100000000)
  eden space 193536K, 62% used [0x00000000e0000000,0x00000000e75f05c0,0x00000000ebd00000)
  from space 14848K, 99% used [0x00000000ecf80000,0x00000000eddfff50,0x00000000ede00000)
  to   space 18944K, 0% used [0x00000000ebd00000,0x00000000ebd00000,0x00000000ecf80000)
 ParOldGen       total 93184K, used 27359K [0x00000000a0000000, 0x00000000a5b00000, 0x00000000e0000000)
  object space 93184K, 29% used [0x00000000a0000000,0x00000000a1ab7e38,0x00000000a5b00000)
 Metaspace       used 57147K, capacity 58890K, committed 58968K, reserved 1099776K
  class space    used 7611K, capacity 8026K, committed 8064K, reserved 1048576K
Event: 48.516 GC heap after
Heap after GC invocations=13 (full 2):
 PSYoungGen      total 212480K, used 18933K [0x00000000e0000000, 0x00000000f1a80000, 0x0000000100000000)
  eden space 193536K, 0% used [0x00000000e0000000,0x00000000e0000000,0x00000000ebd00000)
  from space 18944K, 99% used [0x00000000ebd00000,0x00000000ecf7d420,0x00000000ecf80000)
  to   space 24576K, 0% used [0x00000000f0280000,0x00000000f0280000,0x00000000f1a80000)
 ParOldGen       total 93184K, used 36513K [0x00000000a0000000, 0x00000000a5b00000, 0x00000000e0000000)
  object space 93184K, 39% used [0x00000000a0000000,0x00000000a23a8790,0x00000000a5b00000)
 Metaspace       used 57147K, capacity 58890K, committed 58968K, reserved 1099776K
  class space    used 7611K, capacity 8026K, committed 8064K, reserved 1048576K
}
Event: 48.516 GC heap before
{Heap before GC invocations=14 (full 3):
 PSYoungGen      total 212480K, used 18933K [0x00000000e0000000, 0x00000000f1a80000, 0x0000000100000000)
  eden space 193536K, 0% used [0x00000000e0000000,0x00000000e0000000,0x00000000ebd00000)
  from space 18944K, 99% used [0x00000000ebd00000,0x00000000ecf7d420,0x00000000ecf80000)
  to   space 24576K, 0% used [0x00000000f0280000,0x00000000f0280000,0x00000000f1a80000)
 ParOldGen       total 93184K, used 36513K [0x00000000a0000000, 0x00000000a5b00000, 0x00000000e0000000)
  object space 93184K, 39% used [0x00000000a0000000,0x00000000a23a8790,0x00000000a5b00000)
 Metaspace       used 57147K, capacity 58890K, committed 58968K, reserved 1099776K
  class space    used 7611K, capacity 8026K, committed 8064K, reserved 1048576K
Event: 48.847 GC heap after
Heap after GC invocations=14 (full 3):
 PSYoungGen      total 212480K, used 0K [0x00000000e0000000, 0x00000000f1a80000, 0x0000000100000000)
  eden space 193536K, 0% used [0x00000000e0000000,0x00000000e0000000,0x00000000ebd00000)
  from space 18944K, 0% used [0x00000000ebd00000,0x00000000ebd00000,0x00000000ecf80000)
  to   space 24576K, 0% used [0x00000000f0280000,0x00000000f0280000,0x00000000f1a80000)
 ParOldGen       total 93184K, used 41880K [0x00000000a0000000, 0x00000000a5b00000, 0x00000000e0000000)
  object space 93184K, 44% used [0x00000000a0000000,0x00000000a28e6328,0x00000000a5b00000)
 Metaspace       used 57147K, capacity 58890K, committed 58968K, reserved 1099776K
  class space    used 7611K, capacity 8026K, committed 8064K, reserved 1048576K
}
Event: 130.812 GC heap before
{Heap before GC invocations=15 (full 3):
 PSYoungGen      total 212480K, used 193536K [0x00000000e0000000, 0x00000000f1a80000, 0x0000000100000000)
  eden space 193536K, 100% used [0x00000000e0000000,0x00000000ebd00000,0x00000000ebd00000)
  from space 18944K, 0% used [0x00000000ebd00000,0x00000000ebd00000,0x00000000ecf80000)
  to   space 24576K, 0% used [0x00000000f0280000,0x00000000f0280000,0x00000000f1a80000)
 ParOldGen       total 93184K, used 41880K [0x00000000a0000000, 0x00000000a5b00000, 0x00000000e0000000)
  object space 93184K, 44% used [0x00000000a0000000,0x00000000a28e6328,0x00000000a5b00000)
 Metaspace       used 60148K, capacity 62028K, committed 62168K, reserved 1103872K
  class space    used 7925K, capacity 8361K, committed 8448K, reserved 1048576K
Event: 130.831 GC heap after
Heap after GC invocations=15 (full 3):
 PSYoungGen      total 251392K, used 4909K [0x00000000e0000000, 0x00000000f1400000, 0x0000000100000000)
  eden space 233472K, 0% used [0x00000000e0000000,0x00000000e0000000,0x00000000ee400000)
  from space 17920K, 27% used [0x00000000f0280000,0x00000000f074b660,0x00000000f1400000)
  to   space 24576K, 0% used [0x00000000ee400000,0x00000000ee400000,0x00000000efc00000)
 ParOldGen       total 93184K, used 41888K [0x00000000a0000000, 0x00000000a5b00000, 0x00000000e0000000)
  object space 93184K, 44% used [0x00000000a0000000,0x00000000a28e8328,0x00000000a5b00000)
 Metaspace       used 60148K, capacity 62028K, committed 62168K, reserved 1103872K
  class space    used 7925K, capacity 8361K, committed 8448K, reserved 1048576K
}
Event: 136.076 GC heap before
{Heap before GC invocations=16 (full 3):
 PSYoungGen      total 251392K, used 238381K [0x00000000e0000000, 0x00000000f1400000, 0x0000000100000000)
  eden space 233472K, 100% used [0x00000000e0000000,0x00000000ee400000,0x00000000ee400000)
  from space 17920K, 27% used [0x00000000f0280000,0x00000000f074b660,0x00000000f1400000)
  to   space 24576K, 0% used [0x00000000ee400000,0x00000000ee400000,0x00000000efc00000)
 ParOldGen       total 93184K, used 41888K [0x00000000a0000000, 0x00000000a5b00000, 0x00000000e0000000)
  object space 93184K, 44% used [0x00000000a0000000,0x00000000a28e8328,0x00000000a5b00000)
 Metaspace       used 64368K, capacity 66224K, committed 66520K, reserved 1107968K
  class space    used 8443K, capacity 8909K, committed 8960K, reserved 1048576K
Event: 136.109 GC heap after
Heap after GC invocations=16 (full 3):
 PSYoungGen      total 258048K, used 16183K [0x00000000e0000000, 0x00000000f1400000, 0x0000000100000000)
  eden space 233472K, 0% used [0x00000000e0000000,0x00000000e0000000,0x00000000ee400000)
  from space 24576K, 65% used [0x00000000ee400000,0x00000000ef3cdc08,0x00000000efc00000)
  to   space 17920K, 0% used [0x00000000f0280000,0x00000000f0280000,0x00000000f1400000)
 ParOldGen       total 93184K, used 41896K [0x00000000a0000000, 0x00000000a5b00000, 0x00000000e0000000)
  object space 93184K, 44% used [0x00000000a0000000,0x00000000a28ea328,0x00000000a5b00000)
 Metaspace       used 64368K, capacity 66224K, committed 66520K, reserved 1107968K
  class space    used 8443K, capacity 8909K, committed 8960K, reserved 1048576K
}
Event: 146.728 GC heap before
{Heap before GC invocations=17 (full 3):
 PSYoungGen      total 258048K, used 249655K [0x00000000e0000000, 0x00000000f1400000, 0x0000000100000000)
  eden space 233472K, 100% used [0x00000000e0000000,0x00000000ee400000,0x00000000ee400000)
  from space 24576K, 65% used [0x00000000ee400000,0x00000000ef3cdc08,0x00000000efc00000)
  to   space 17920K, 0% used [0x00000000f0280000,0x00000000f0280000,0x00000000f1400000)
 ParOldGen       total 93184K, used 41896K [0x00000000a0000000, 0x00000000a5b00000, 0x00000000e0000000)
  object space 93184K, 44% used [0x00000000a0000000,0x00000000a28ea328,0x00000000a5b00000)
 Metaspace       used 73376K, capacity 75774K, committed 75992K, reserved 1116160K
  class space    used 9573K, capacity 10144K, committed 10240K, reserved 1048576K
Event: 146.773 GC heap after
Heap after GC invocations=17 (full 3):
 PSYoungGen      total 251392K, used 17902K [0x00000000e0000000, 0x00000000f1400000, 0x0000000100000000)
  eden space 233472K, 0% used [0x00000000e0000000,0x00000000e0000000,0x00000000ee400000)
  from space 17920K, 99% used [0x00000000f0280000,0x00000000f13fba50,0x00000000f1400000)
  to   space 24576K, 0% used [0x00000000ee400000,0x00000000ee400000,0x00000000efc00000)
 ParOldGen       total 93184K, used 50777K [0x00000000a0000000, 0x00000000a5b00000, 0x00000000e0000000)
  object space 93184K, 54% used [0x00000000a0000000,0x00000000a31964c8,0x00000000a5b00000)
 Metaspace       used 73376K, capacity 75774K, committed 75992K, reserved 1116160K
  class space    used 9573K, capacity 10144K, committed 10240K, reserved 1048576K
}

